<?xml version="1.0" encoding="UTF-8"?>
<testsuite name="com.bridgelabz.InvoiceServiceTest" tests="1" skipped="0" failures="0" errors="0" timestamp="2021-09-25T17:21:34" hostname="DESKTOP-5LTOQDU" time="0.036">
  <properties/>
  <testcase name="givenLessDistanceOrTime_ShouldReturMinFare()" classname="com.bridgelabz.InvoiceServiceTest" time="0.036"/>
  <system-out><![CDATA[]]></system-out>
  <system-err><![CDATA[]]></system-err>
</testsuite>
