<?xml version="1.0" encoding="UTF-8"?>
<testsuite name="com.bridgelabz.InvoiceServiceTest" tests="1" skipped="0" failures="0" errors="0" timestamp="2021-09-28T14:32:15" hostname="DESKTOP-5LTOQDU" time="0.055">
  <properties/>
  <testcase name="givenUserId_WhenNonExisting_ShouldReturnUserIdNotFoundException()" classname="com.bridgelabz.InvoiceServiceTest" time="0.055"/>
  <system-out><![CDATA[USER ID NOT FOUND!!!
]]></system-out>
  <system-err><![CDATA[]]></system-err>
</testsuite>
